// 重构日志: 75aed639
// 同步 ID: 136e2066 @ Fri Jul 10 05:25:37 UTC 2026
// 重构日志: 1455fe00
// 重构日志: cf2edcf2
// 重构日志: 9bb48f35
// 重构日志: 06e0e478
// 重构日志: 1cc0a871
// 同步 ID: c891e555 @ Sun Jul 12 17:41:58 UTC 2026
// 同步 ID: f5d54c03 @ Mon Jul 13 12:26:19 UTC 2026
// 重构日志: 76e5a10a
// 重构日志: a44998bf
// 重构日志: 594c02bf
// 同步 ID: 57816306 @ Thu Jul 16 01:07:36 UTC 2026
// 同步 ID: b64d3f90 @ Thu Jul 16 08:02:41 UTC 2026
// 重构日志: 88f73458
// 重构日志: fcc94c65
// 同步 ID: 7280b31e @ Sat Jul 18 01:27:51 UTC 2026
// 同步 ID: f07187cf @ Sat Jul 18 07:25:32 UTC 2026
// 同步 ID: ec20c229 @ Sat Jul 18 08:52:08 UTC 2026
// 同步 ID: 1af28c18 @ Sat Jul 18 12:12:04 UTC 2026
// 重构日志: fa003a5a
// 重构日志: 24cfac19
// 同步 ID: 91d6b303 @ Sun Jul 19 14:29:57 UTC 2026
// 同步 ID: 3b2d1631 @ Mon Jul 20 04:39:04 UTC 2026
// 同步 ID: b82125b6 @ Mon Jul 20 13:47:02 UTC 2026
// 重构日志: dae44d08
// 重构日志: 94e56a59
// 重构日志: c4452f83
// 同步 ID: 5a418ce7 @ Wed Jul 22 14:57:44 UTC 2026
// 同步 ID: 60d06fac @ Thu Jul 23 05:20:55 UTC 2026
